
            {
                    "username": "WindowsGsm",
              "avatar_url": "https://github.com/WindowsGSM/WindowsGSM/raw/master/WindowsGSM/Images/WindowsGSM.png",

                "content": "Testing",
                "embeds": [
                {
                    "type": "rich",
                    "color": 16711679,
                    "fields": [
                    {
                        "name": "Status",
                        "value": "Webhook Test Alert",
                        "inline": true
                    },
                    {
                        "name": "Game Server",
                        "value": "HumanitZ Dedicated Server [HumanitZ.cs]",
                        "inline": true
                    },
                    {
                        "name": "Server IP:Port",
                        "value": "192.168.1.138:7793",
                        "inline": true
                    }],
                    "author": {
                        "name": "ExoNation HumanitZ",
                        "icon_url": "https://github.com/WindowsGSM/WindowsGSM/raw/master/WindowsGSM/"
                    },
                    "footer": {
                        "text": "v1.25.1.10 - Discord Alert",
                        "icon_url": "https://github.com/WindowsGSM/WindowsGSM/raw/master/WindowsGSM/Images/WindowsGSM.png"
                    },
                    "timestamp": "2026-03-05T18:02:50.250Z",
                    "thumbnail": {
                        "url": "https://github.com/WindowsGSM/Discord-Alert-Icons/raw/master/Test.png"
                    }
                }]
            }